2022-06-14 16:09:29,779:DEBUG:certbot._internal.main:certbot version: 1.28.0
2022-06-14 16:09:29,780:DEBUG:certbot._internal.main:Location of certbot entry point: /usr/local/bin/certbot
2022-06-14 16:09:29,780:DEBUG:certbot._internal.main:Arguments: []
2022-06-14 16:09:29,780:DEBUG:certbot._internal.main:Discovered plugins: PluginsRegistry(PluginEntryPoint#manual,PluginEntryPoint#null,PluginEntryPoint#standalone,PluginEntryPoint#webroot)
2022-06-14 16:09:29,830:DEBUG:certbot._internal.log:Root logging level set at 30
2022-06-14 16:09:29,831:DEBUG:certbot._internal.display.obj:Notifying user: Processing /etc/letsencrypt/renewal/zbook.top.conf
2022-06-14 16:09:29,871:DEBUG:certbot._internal.plugins.selection:Requested authenticator <certbot._internal.cli.cli_utils._Default object at 0x7f3adadec490> and installer <certbot._internal.cli.cli_utils._Default object at 0x7f3adadec490>
2022-06-14 16:09:29,918:DEBUG:urllib3.connectionpool:Starting new HTTP connection (1): r3.o.lencr.org:80
2022-06-14 16:09:31,706:DEBUG:urllib3.connectionpool:http://r3.o.lencr.org:80 "POST / HTTP/1.1" 200 503
2022-06-14 16:09:31,707:DEBUG:certbot.ocsp:OCSP response for certificate /etc/letsencrypt/archive/zbook.top/cert1.pem is signed by the certificate's issuer.
2022-06-14 16:09:31,708:DEBUG:certbot.ocsp:OCSP certificate status for /etc/letsencrypt/archive/zbook.top/cert1.pem is: OCSPCertStatus.GOOD
2022-06-14 16:09:31,711:DEBUG:certbot._internal.display.obj:Notifying user: Certificate not yet due for renewal
2022-06-14 16:09:31,711:DEBUG:certbot._internal.plugins.selection:Requested authenticator webroot and installer None
2022-06-14 16:09:31,712:DEBUG:certbot._internal.display.obj:Notifying user: 
- - - - - - - - - - - - - - - - - - - - - - - - - - - - - - - - - - - - - - - -
2022-06-14 16:09:31,712:DEBUG:certbot._internal.display.obj:Notifying user: The following certificates are not due for renewal yet:
2022-06-14 16:09:31,712:DEBUG:certbot._internal.display.obj:Notifying user:   /etc/letsencrypt/live/zbook.top/fullchain.pem expires on 2022-09-12 (skipped)
2022-06-14 16:09:31,712:DEBUG:certbot._internal.display.obj:Notifying user: No renewals were attempted.
2022-06-14 16:09:31,712:DEBUG:certbot._internal.display.obj:Notifying user: - - - - - - - - - - - - - - - - - - - - - - - - - - - - - - - - - - - - - - - -
2022-06-14 16:09:31,712:DEBUG:certbot._internal.renewal:no renewal failures
